Arguments: 
  C:\nodeEnvironment\nvmnode\node.exe C:\Program Files (x86)\Yarn\bin\yarn.js add rollup-pluginutils

PATH: 
  C:\WINDOWS\system32;C:\WINDOWS;C:\WINDOWS\System32\Wbem;C:\WINDOWS\System32\WindowsPowerShell\v1.0\;C:\WINDOWS\System32\OpenSSH\;C:\GIT\Git\cmd;C:\Program Files\TortoiseSVN\bin;C:\Program Files (x86)\Yarn\bin\;C:\Program Files\TortoiseGit\bin;C:\nodeEnvironment\nvm;C:\nodeEnvironment\nvmnode;C:\Users\微信开发者工具\微信web开发者工具\dll;;D:\微信开发者\微信web开发者工具\dll;C:\Users\jibang.jia\AppData\Local\Microsoft\WindowsApps;C:\VSCODE\Microsoft VS Code\bin;node_modules;C:\Users\jibang.jia\AppData\Local\Yarn\bin;C:\Users\抓包\Fiddler;node_modules\npm;node_global\node_modules\express;node_global\node_modules\babel-cli

Yarn version: 
  1.22.5

Node version: 
  14.17.0

Platform: 
  win32 x64

Trace: 
  Error: EPERM: operation not permitted, unlink 'C:\Users\jibang.jia\AppData\Local\Yarn\Cache\v6\npm-node-addon-api-3.2.1-81325e0a2117789c0128dab65e7e38f07ceba161-integrity\node_modules\node-addon-api\.yarn-tarball.tgz'

npm manifest: 
  {
    "name": "rollup-plugin-removeconsole",
    "version": "1.0.0",
    "description": "移除console.log ",
    "main": "index.js",
    "scripts": {
      "test": "jest"
    },
    "author": "sur-code",
    "license": "ISC"
  }

yarn manifest: 
  No manifest

Lockfile: 
  No lockfile
